<?xml version="1.0" encoding="UTF-8"?>
<!-- Generated by org.testng.reporters.JUnitReportReporter -->
<testsuite hostname="DESKTOP-H2NG9V0" failures="0" tests="2" name="test.HomeTest" time="21.698" errors="0" timestamp="2021-05-25T14:21:01 EDT" skipped="1">
  <testcase classname="test.HomeTest" name="dress" time="21.698"/>
  <system-out/>
  <testcase classname="test.HomeTest" name="homeVerify">
    <skipped/>
  </testcase> <!-- homeVerify -->
  <system-out/>
</testsuite> <!-- test.HomeTest -->
