<?xml version="1.0" encoding="UTF-8"?>
<!-- Generated by org.testng.reporters.JUnitReportReporter -->
<testsuite hostname="DESKTOP-H2NG9V0" failures="0" tests="1" name="projectTest.HomePage" time="31.343" errors="0" timestamp="2021-05-25T19:02:48 EDT" skipped="0">
  <testcase classname="projectTest.HomePage" name="test1" time="31.343"/>
  <system-out/>
</testsuite> <!-- projectTest.HomePage -->
