<?xml version="1.0" encoding="UTF-8"?>
<!-- Generated by org.testng.reporters.JUnitReportReporter -->
<testsuite hostname="DESKTOP-H2NG9V0" failures="0" tests="2" name="projectTest.SearchButton" time="7.695" errors="0" timestamp="2021-05-22T00:03:51 EDT" skipped="1">
  <testcase classname="projectTest.SearchButton" name="invalidProduct" time="7.695"/>
  <system-out/>
  <testcase classname="projectTest.SearchButton" name="validProduct">
    <skipped/>
  </testcase> <!-- validProduct -->
  <system-out/>
</testsuite> <!-- projectTest.SearchButton -->
