<?xml version="1.0" encoding="UTF-8"?>
<!-- Generated by org.testng.reporters.JUnitReportReporter -->
<testsuite hostname="DESKTOP-H2NG9V0" failures="0" tests="1" name="projectTest.HomePage" time="32.123" errors="0" timestamp="2021-05-22T22:42:51 EDT" skipped="0">
  <testcase classname="projectTest.HomePage" name="test1" time="32.123"/>
  <system-out/>
</testsuite> <!-- projectTest.HomePage -->
