<?xml version="1.0" encoding="UTF-8"?>
<!-- Generated by org.testng.reporters.JUnitReportReporter -->
<testsuite hostname="DESKTOP-H2NG9V0" failures="0" tests="7" name="TestCase.Shop" time="76.436" errors="0" timestamp="2021-05-19T14:13:10 EDT" skipped="4">
  <testcase classname="TestCase.Shop" name="sortingFuction7" time="22.303"/>
  <system-out/>
  <testcase classname="TestCase.Shop" name="sortingFuction5" time="32.548"/>
  <system-out/>
  <testcase classname="TestCase.Shop" name="sortingFuction6" time="21.585"/>
  <system-out/>
  <testcase classname="TestCase.Shop" name="shopCatatory">
    <skipped/>
  </testcase> <!-- shopCatatory -->
  <system-out/>
  <testcase classname="TestCase.Shop" name="shopFillter">
    <skipped/>
  </testcase> <!-- shopFillter -->
  <system-out/>
  <testcase classname="TestCase.Shop" name="sortingFuction">
    <skipped/>
  </testcase> <!-- sortingFuction -->
  <system-out/>
  <testcase classname="TestCase.Shop" name="sortingFuction4">
    <skipped/>
  </testcase> <!-- sortingFuction4 -->
  <system-out/>
</testsuite> <!-- TestCase.Shop -->
