<?xml version="1.0" encoding="UTF-8"?>
<!-- Generated by org.testng.reporters.JUnitReportReporter -->
<testsuite hostname="DESKTOP-H2NG9V0" failures="0" tests="5" name="TestCase.MyAccountRegisteration" time="33.656" errors="0" timestamp="2021-05-18T22:05:24 EDT" skipped="3">
  <testcase classname="TestCase.MyAccountRegisteration" name="emthyEmailPassword" time="16.846"/>
  <system-out/>
  <testcase classname="TestCase.MyAccountRegisteration" name="emthyPassword" time="16.810"/>
  <system-out/>
  <testcase classname="TestCase.MyAccountRegisteration" name="myAccountOrder">
    <skipped/>
  </testcase> <!-- myAccountOrder -->
  <system-out/>
  <testcase classname="TestCase.MyAccountRegisteration" name="myAccountDashbord">
    <skipped/>
  </testcase> <!-- myAccountDashbord -->
  <system-out/>
  <testcase classname="TestCase.MyAccountRegisteration" name="emthyEmail">
    <skipped/>
  </testcase> <!-- emthyEmail -->
  <system-out/>
</testsuite> <!-- TestCase.MyAccountRegisteration -->
